0 info it worked if it ends with ok
1 verbose cli [ 'node', '/usr/local/bin/npm', 'install', 'forever', '-g' ]
2 info using npm@1.4.28
3 info using node@v0.10.32
4 verbose cache add [ 'forever', null ]
5 verbose cache add name=undefined spec="forever" args=["forever",null]
6 verbose parsed url { protocol: null,
6 verbose parsed url   slashes: null,
6 verbose parsed url   auth: null,
6 verbose parsed url   host: null,
6 verbose parsed url   port: null,
6 verbose parsed url   hostname: null,
6 verbose parsed url   hash: null,
6 verbose parsed url   search: null,
6 verbose parsed url   query: null,
6 verbose parsed url   pathname: 'forever',
6 verbose parsed url   path: 'forever',
6 verbose parsed url   href: 'forever' }
7 silly lockFile e07f8c4a-forever forever
8 verbose lock forever /Users/deapubhi/.npm/e07f8c4a-forever.lock
9 silly lockFile e07f8c4a-forever forever
10 silly lockFile e07f8c4a-forever forever
11 verbose addNamed [ 'forever', '' ]
12 verbose addNamed [ null, '*' ]
13 silly lockFile 28ef027b-forever forever@
14 verbose lock forever@ /Users/deapubhi/.npm/28ef027b-forever.lock
15 silly addNameRange { name: 'forever', range: '*', hasData: false }
16 verbose request where is /forever
17 verbose request registry https://registry.npmjs.org/
18 verbose request id 58548309eee97206
19 verbose url raw /forever
20 verbose url resolving [ 'https://registry.npmjs.org/', './forever' ]
21 verbose url resolved https://registry.npmjs.org/forever
22 verbose request where is https://registry.npmjs.org/forever
23 info trying registry request attempt 1 at 13:34:09
24 verbose etag "2FTBQEZT4OWJQQ3BT0OROCQOR"
25 http GET https://registry.npmjs.org/forever
26 http 304 https://registry.npmjs.org/forever
27 silly registry.get cb [ 304,
27 silly registry.get   { date: 'Fri, 24 Oct 2014 20:34:10 GMT',
27 silly registry.get     server: 'Apache',
27 silly registry.get     via: '1.1 varnish',
27 silly registry.get     'last-modified': 'Fri, 24 Oct 2014 20:34:10 GMT',
27 silly registry.get     'cache-control': 'max-age=60',
27 silly registry.get     etag: '"2FTBQEZT4OWJQQ3BT0OROCQOR"',
27 silly registry.get     age: '0',
27 silly registry.get     'x-served-by': 'cache-lax1433-LAX',
27 silly registry.get     'x-cache': 'HIT',
27 silly registry.get     'x-cache-hits': '1',
27 silly registry.get     'x-timer': 'S1414182850.319231,VS0,VE42',
27 silly registry.get     vary: 'Accept',
27 silly registry.get     'content-length': '0',
27 silly registry.get     'keep-alive': 'timeout=10, max=50',
27 silly registry.get     connection: 'Keep-Alive' } ]
28 verbose etag https://registry.npmjs.org/forever from cache
29 silly addNameRange number 2 { name: 'forever', range: '*', hasData: true }
30 silly addNameRange versions [ 'forever',
30 silly addNameRange   [ '0.6.0',
30 silly addNameRange     '0.6.1',
30 silly addNameRange     '0.6.2',
30 silly addNameRange     '0.6.3',
30 silly addNameRange     '0.6.4',
30 silly addNameRange     '0.6.5',
30 silly addNameRange     '0.6.6',
30 silly addNameRange     '0.6.7',
30 silly addNameRange     '0.6.8',
30 silly addNameRange     '0.6.9',
30 silly addNameRange     '0.7.0',
30 silly addNameRange     '0.7.1',
30 silly addNameRange     '0.7.2',
30 silly addNameRange     '0.7.3',
30 silly addNameRange     '0.7.4',
30 silly addNameRange     '0.7.5',
30 silly addNameRange     '0.8.0',
30 silly addNameRange     '0.8.1',
30 silly addNameRange     '0.8.2',
30 silly addNameRange     '0.8.3',
30 silly addNameRange     '0.8.4',
30 silly addNameRange     '0.8.5',
30 silly addNameRange     '0.9.0',
30 silly addNameRange     '0.9.1',
30 silly addNameRange     '0.9.2',
30 silly addNameRange     '0.10.0',
30 silly addNameRange     '0.10.5',
30 silly addNameRange     '0.10.6',
30 silly addNameRange     '0.10.7',
30 silly addNameRange     '0.10.8',
30 silly addNameRange     '0.10.9',
30 silly addNameRange     '0.10.10',
30 silly addNameRange     '0.10.11',
30 silly addNameRange     '0.11.0',
30 silly addNameRange     '0.11.1' ] ]
31 verbose addNamed [ 'forever', '0.11.1' ]
32 verbose addNamed [ '0.11.1', '0.11.1' ]
33 silly lockFile 4466a206-forever-0-11-1 forever@0.11.1
34 verbose lock forever@0.11.1 /Users/deapubhi/.npm/4466a206-forever-0-11-1.lock
35 silly lockFile 4466a206-forever-0-11-1 forever@0.11.1
36 silly lockFile 4466a206-forever-0-11-1 forever@0.11.1
37 silly lockFile 28ef027b-forever forever@
38 silly lockFile 28ef027b-forever forever@
39 silly resolved [ { name: 'forever',
39 silly resolved     preferGlobal: 'true',
39 silly resolved     description: 'A simple CLI tool for ensuring that a given node script runs continuously (i.e. forever)',
39 silly resolved     version: '0.11.1',
39 silly resolved     author: { name: 'Nodejitsu Inc.', email: 'info@nodejitsu.com' },
39 silly resolved     maintainers: [ [Object], [Object], [Object], [Object], [Object], [Object] ],
39 silly resolved     repository: { type: 'git', url: 'http://github.com/nodejitsu/forever.git' },
39 silly resolved     keywords: [ 'cli', 'fault tolerant', 'sysadmin', 'tools' ],
39 silly resolved     dependencies:
39 silly resolved      { colors: '~0.6.2',
39 silly resolved        cliff: '0.1.8',
39 silly resolved        flatiron: '~0.3.11',
39 silly resolved        'forever-monitor': '1.2.3',
39 silly resolved        nconf: '~0.6.9',
39 silly resolved        nssocket: '~0.5.1',
39 silly resolved        optimist: '~0.6.0',
39 silly resolved        pkginfo: '0.3.0',
39 silly resolved        timespan: '~2.3.0',
39 silly resolved        watch: '~0.8.0',
39 silly resolved        utile: '~0.2.1',
39 silly resolved        winston: '~0.7.2' },
39 silly resolved     devDependencies:
39 silly resolved      { broadway: '0.2.x',
39 silly resolved        eventemitter2: '0.4.x',
39 silly resolved        request: '2.x.x',
39 silly resolved        vows: '0.7.x' },
39 silly resolved     bin: { forever: './bin/forever', foreverd: './bin/foreverd' },
39 silly resolved     main: './lib/forever',
39 silly resolved     scripts: { test: 'vows test/**/*-test.js --spec -i' },
39 silly resolved     engines: { node: '>= 0.8.x' },
39 silly resolved     bugs: { url: 'https://github.com/nodejitsu/forever/issues' },
39 silly resolved     homepage: 'https://github.com/nodejitsu/forever',
39 silly resolved     _id: 'forever@0.11.1',
39 silly resolved     dist:
39 silly resolved      { shasum: '50ac8744c0a6e0c266524c4746397f74d6b09c5b',
39 silly resolved        tarball: 'http://registry.npmjs.org/forever/-/forever-0.11.1.tgz' },
39 silly resolved     _from: 'forever@',
39 silly resolved     _npmVersion: '1.4.3',
39 silly resolved     _npmUser: { name: 'julianduque', email: 'julianduquej@gmail.com' },
39 silly resolved     directories: {},
39 silly resolved     _shasum: '50ac8744c0a6e0c266524c4746397f74d6b09c5b',
39 silly resolved     _resolved: 'https://registry.npmjs.org/forever/-/forever-0.11.1.tgz',
39 silly resolved     readme: 'ERROR: No README data found!' } ]
40 info install forever@0.11.1 into /usr/local/lib
41 info installOne forever@0.11.1
42 verbose lib/node_modules/forever unbuild
43 verbose tar unpack /Users/deapubhi/.npm/forever/0.11.1/package.tgz
44 silly lockFile 5fd21e72-r-local-lib-node-modules-forever tar:///usr/local/lib/node_modules/forever
45 verbose lock tar:///usr/local/lib/node_modules/forever /Users/deapubhi/.npm/5fd21e72-r-local-lib-node-modules-forever.lock
46 silly lockFile 06984459-i-npm-forever-0-11-1-package-tgz tar:///Users/deapubhi/.npm/forever/0.11.1/package.tgz
47 verbose lock tar:///Users/deapubhi/.npm/forever/0.11.1/package.tgz /Users/deapubhi/.npm/06984459-i-npm-forever-0-11-1-package-tgz.lock
48 silly gunzTarPerm modes [ '755', '644' ]
49 error Error: EACCES, mkdir '/usr/local/lib/node_modules/forever'
49 error  { [Error: EACCES, mkdir '/usr/local/lib/node_modules/forever']
49 error   errno: 3,
49 error   code: 'EACCES',
49 error   path: '/usr/local/lib/node_modules/forever',
49 error   fstream_type: 'Directory',
49 error   fstream_path: '/usr/local/lib/node_modules/forever',
49 error   fstream_class: 'DirWriter',
49 error   fstream_stack:
49 error    [ '/usr/local/lib/node_modules/npm/node_modules/fstream/lib/dir-writer.js:36:23',
49 error      '/usr/local/lib/node_modules/npm/node_modules/mkdirp/index.js:46:53',
49 error      'Object.oncomplete (fs.js:107:15)' ] }
50 error Please try running this command again as root/Administrator.
51 error System Darwin 13.4.0
52 error command "node" "/usr/local/bin/npm" "install" "forever" "-g"
53 error cwd /Users/deapubhi/Downloads/ghost-0.5.3
54 error node -v v0.10.32
55 error npm -v 1.4.28
56 error path /usr/local/lib/node_modules/forever
57 error fstream_path /usr/local/lib/node_modules/forever
58 error fstream_type Directory
59 error fstream_class DirWriter
60 error code EACCES
61 error errno 3
62 error stack Error: EACCES, mkdir '/usr/local/lib/node_modules/forever'
63 error fstream_stack /usr/local/lib/node_modules/npm/node_modules/fstream/lib/dir-writer.js:36:23
63 error fstream_stack /usr/local/lib/node_modules/npm/node_modules/mkdirp/index.js:46:53
63 error fstream_stack Object.oncomplete (fs.js:107:15)
64 verbose exit [ 3, true ]
